IP Upgrade report for soc_system
Tue Sep 17 14:03:27 2019
Quartus Prime Version 18.1.0 Build 625 09/12/2018 SJ Lite Edition


---------------------
; Table of Contents ;
---------------------
  1. Legal Notice
  2. IP Upgrade Summary
  3. Successfully Upgraded IP Components
  4. IP Upgrade Messages



----------------
; Legal Notice ;
----------------
Copyright (C) 2018  Intel Corporation. All rights reserved.
Your use of Intel Corporation's design tools, logic functions 
and other software and tools, and its AMPP partner logic 
functions, and any output files from any of the foregoing 
(including device programming or simulation files), and any 
associated documentation or information are expressly subject 
to the terms and conditions of the Intel Program License 
Subscription Agreement, the Intel Quartus Prime License Agreement,
the Intel FPGA IP License Agreement, or other applicable license
agreement, including, without limitation, that your use is for
the sole purpose of programming logic devices manufactured by
Intel and sold by Intel or its authorized distributors.  Please
refer to the applicable agreement for further details.



+----------------------------------------------------------------------------+
; IP Upgrade Summary                                                         ;
+------------------------------+---------------------------------------------+
; IP Components Upgrade Status ; Passed - Tue Sep 17 14:03:27 2019           ;
; Quartus Prime Version        ; 18.1.0 Build 625 09/12/2018 SJ Lite Edition ;
; Revision Name                ; soc_system                                  ;
; Top-level Entity Name        ; ghrd_top                                    ;
; Family                       ; Cyclone V                                   ;
+------------------------------+---------------------------------------------+


+-----------------------------------------------------------------------------------------------------------------------------------------------------------------------------+
; Successfully Upgraded IP Components                                                                                                                                         ;
+-------------+------------------------------+---------+-------------------------------------+--------------------------------+-------------------------------------+---------+
; Entity Name ; Component Name               ; Version ; Original Source File                ; Generation File Path           ; New Source File                     ; Message ;
+-------------+------------------------------+---------+-------------------------------------+--------------------------------+-------------------------------------+---------+
; soc_system  ; Qsys                         ; 15.0    ; soc_system/synthesis/soc_system.qip ; soc_system.qsys                ; soc_system/synthesis/soc_system.qip ;         ;
; hps_reset   ; In-System Sources and Probes ; 13.1    ; ip/altsource_probe/hps_reset.qip    ; ip/altsource_probe/hps_reset.v ; ip/altsource_probe/hps_reset.qip    ;         ;
+-------------+------------------------------+---------+-------------------------------------+--------------------------------+-------------------------------------+---------+


+---------------------+
; IP Upgrade Messages ;
+---------------------+
Info (11902): Backing up file "soc_system.qsys" to "soc_system.BAK.qsys"
Info (11902): Backing up file "soc_system/synthesis/soc_system.v" to "soc_system.BAK.v"
Info (11837): Started upgrading IP component Qsys with file "soc_system.qsys"
Info: 2019.09.17.14:01:52 Info: Starting to upgrade the IP cores in the Platform Designer system
Info: 2019.09.17.14:01:52 Info: Finished upgrading the ip cores
Info: 2019.09.17.14:02:07 Info: Saving generation log to /home/john/Code/Augmented-Listening-/Mic_Interface_Linux_to_FPGA/fpga-rtl/soc_system
Info: 2019.09.17.14:02:07 Info: Starting: Create simulation model
Info: 2019.09.17.14:02:07 Info: Loading fpga-rtl
Info: 2019.09.17.14:02:07 Info: Reading input file
Info: 2019.09.17.14:02:07 Info: Adding Audio_Interface [Audio_Slave 1.0]
Info: 2019.09.17.14:02:07 Info: Parameterizing module Audio_Interface
Info: 2019.09.17.14:02:07 Info: Adding buttons [altera_avalon_pio 18.1]
Info: 2019.09.17.14:02:07 Info: Parameterizing module buttons
Info: 2019.09.17.14:02:07 Info: Adding clk_0 [clock_source 18.1]
Info: 2019.09.17.14:02:07 Info: Parameterizing module clk_0
Info: 2019.09.17.14:02:07 Info: Adding fpga_only_master [altera_jtag_avalon_master 18.1]
Info: 2019.09.17.14:02:07 Info: Parameterizing module fpga_only_master
Info: 2019.09.17.14:02:07 Info: Adding hps_0 [altera_hps 18.1]
Info: 2019.09.17.14:02:07 Info: Parameterizing module hps_0
Info: 2019.09.17.14:02:07 Info: Adding hps_only_master [altera_jtag_avalon_master 18.1]
Info: 2019.09.17.14:02:07 Info: Parameterizing module hps_only_master
Info: 2019.09.17.14:02:07 Info: Adding intr_capturer_0 [intr_capturer 100.99.98.97]
Info: 2019.09.17.14:02:07 Info: Parameterizing module intr_capturer_0
Info: 2019.09.17.14:02:07 Info: Adding jtag_uart [altera_avalon_jtag_uart 18.1]
Info: 2019.09.17.14:02:07 Info: Parameterizing module jtag_uart
Info: 2019.09.17.14:02:07 Info: Adding onchip_memory2_0 [altera_avalon_onchip_memory2 18.1]
Info: 2019.09.17.14:02:07 Info: Parameterizing module onchip_memory2_0
Info: 2019.09.17.14:02:07 Info: Adding pio_led [altera_avalon_pio 18.1]
Info: 2019.09.17.14:02:07 Info: Parameterizing module pio_led
Info: 2019.09.17.14:02:07 Info: Adding sysid_qsys [altera_avalon_sysid_qsys 18.1]
Info: 2019.09.17.14:02:07 Info: Parameterizing module sysid_qsys
Info: 2019.09.17.14:02:07 Info: Building connections
Info: 2019.09.17.14:02:07 Info: Parameterizing connections
Info: 2019.09.17.14:02:07 Info: Validating
Info: 2019.09.17.14:02:12 Info: Done reading input file
Warning: 2019.09.17.14:02:13 Warning: soc_system.Audio_Slave: The SIM_VERILOG fileset must specify the top-level module name.
2019.09.17.14:02:13 Info: soc_system.buttons: PIO inputs are not hardwired in test bench. Undefined values will be read from PIO inputs during simulation.
Info: 2019.09.17.14:02:13 Info: soc_system.hps_0: HPS Main PLL counter settings: n = 0  m = 73
Info: 2019.09.17.14:02:13 Info: soc_system.hps_0: HPS peripherial PLL counter settings: n = 0  m = 39
Warning: 2019.09.17.14:02:13 Warning: soc_system.hps_0: "QSPI clock frequency" (desired_qspi_clk_mhz) requested 400.0 MHz, but only achieved 370.0 MHz
Warning: 2019.09.17.14:02:13 Warning: soc_system.hps_0: 1 or more output clock frequencies cannot be achieved precisely, consider revising desired output clock frequencies.
Info: 2019.09.17.14:02:13 Info: soc_system.jtag_uart: JTAG UART IP input clock need to be at least double (2x) the operating frequency of JTAG TCK on board
Info: 2019.09.17.14:02:13 Info: soc_system.sysid_qsys: System ID is not assigned automatically. Edit the System ID parameter to provide a unique ID
Info: 2019.09.17.14:02:13 Info: soc_system.sysid_qsys: Time stamp will be automatically updated when this component is generated.
Info: 2019.09.17.14:02:14 Info: soc_system: Generating soc_system "soc_system" for SIM_VERILOG
Info: 2019.09.17.14:02:18 Info: Interconnect is inserted between master hps_only_master.master and slave hps_0.f2h_axi_slave because the master is of type avalon and the slave is of type axi.
Warning: 2019.09.17.14:02:18 Warning: hps_0.f2h_irq0: Cannot connect clock for irq_mapper.sender
Warning: 2019.09.17.14:02:18 Warning: hps_0.f2h_irq0: Cannot connect reset for irq_mapper.sender
Warning: 2019.09.17.14:02:18 Warning: hps_0.f2h_irq1: Cannot connect clock for irq_mapper_001.sender
Warning: 2019.09.17.14:02:18 Warning: hps_0.f2h_irq1: Cannot connect reset for irq_mapper_001.sender
Info: 2019.09.17.14:02:21 Info: Audio_Interface: "soc_system" instantiated Audio_Slave "Audio_Interface"
Info: 2019.09.17.14:02:21 Info: buttons: Starting RTL generation for module 'soc_system_buttons'
Info: 2019.09.17.14:02:21 Info: buttons:   Generation command is [exec /opt/quartus/quartus/linux64/perl/bin/perl -I /opt/quartus/quartus/linux64/perl/lib -I /opt/quartus/quartus/sopc_builder/bin/europa -I /opt/quartus/quartus/sopc_builder/bin/perl_lib -I /opt/quartus/quartus/sopc_builder/bin -I /opt/quartus/quartus/../ip/altera/sopc_builder_ip/common -I /opt/quartus/quartus/../ip/altera/sopc_builder_ip/altera_avalon_pio -- /opt/quartus/quartus/../ip/altera/sopc_builder_ip/altera_avalon_pio/generate_rtl.pl --name=soc_system_buttons --dir=/tmp/alt8156_2620400947111459822.dir/0003_buttons_gen/ --quartus_dir=/opt/quartus/quartus --verilog --config=/tmp/alt8156_2620400947111459822.dir/0003_buttons_gen//soc_system_buttons_component_configuration.pl  --do_build_sim=1    --sim_dir=/tmp/alt8156_2620400947111459822.dir/0003_buttons_gen
Info: 2019.09.17.14:02:21 Info: buttons: Done RTL generation for module 'soc_system_buttons'
Info: 2019.09.17.14:02:21 Info: buttons: "soc_system" instantiated altera_avalon_pio "buttons"
Info: 2019.09.17.14:02:21 Info: fpga_only_master: "soc_system" instantiated altera_jtag_avalon_master "fpga_only_master"
Info: 2019.09.17.14:02:21 Info: hps_0: "Running  for module: hps_0"
Info: 2019.09.17.14:02:22 Info: hps_0: HPS Main PLL counter settings: n = 0  m = 73
Info: 2019.09.17.14:02:22 Info: hps_0: HPS peripherial PLL counter settings: n = 0  m = 39
Warning: 2019.09.17.14:02:22 Warning: hps_0: "QSPI clock frequency" (desired_qspi_clk_mhz) requested 400.0 MHz, but only achieved 370.0 MHz
Warning: 2019.09.17.14:02:22 Warning: hps_0: 1 or more output clock frequencies cannot be achieved precisely, consider revising desired output clock frequencies.
Info: 2019.09.17.14:02:23 Info: hps_0: "soc_system" instantiated altera_hps "hps_0"
Info: 2019.09.17.14:02:23 Info: intr_capturer_0: "soc_system" instantiated intr_capturer "intr_capturer_0"
Info: 2019.09.17.14:02:23 Info: jtag_uart: Starting RTL generation for module 'soc_system_jtag_uart'
Info: 2019.09.17.14:02:23 Info: jtag_uart:   Generation command is [exec /opt/quartus/quartus/linux64/perl/bin/perl -I /opt/quartus/quartus/linux64/perl/lib -I /opt/quartus/quartus/sopc_builder/bin/europa -I /opt/quartus/quartus/sopc_builder/bin/perl_lib -I /opt/quartus/quartus/sopc_builder/bin -I /opt/quartus/quartus/../ip/altera/sopc_builder_ip/common -I /opt/quartus/quartus/../ip/altera/sopc_builder_ip/altera_avalon_jtag_uart -- /opt/quartus/quartus/../ip/altera/sopc_builder_ip/altera_avalon_jtag_uart/generate_rtl.pl --name=soc_system_jtag_uart --dir=/tmp/alt8156_2620400947111459822.dir/0005_jtag_uart_gen/ --quartus_dir=/opt/quartus/quartus --verilog --config=/tmp/alt8156_2620400947111459822.dir/0005_jtag_uart_gen//soc_system_jtag_uart_component_configuration.pl  --do_build_sim=1    --sim_dir=/tmp/alt8156_2620400947111459822.dir/0005_jtag_uart_gen
Info: 2019.09.17.14:02:23 Info: jtag_uart: Done RTL generation for module 'soc_system_jtag_uart'
Info: 2019.09.17.14:02:23 Info: jtag_uart: "soc_system" instantiated altera_avalon_jtag_uart "jtag_uart"
Info: 2019.09.17.14:02:23 Info: onchip_memory2_0: Starting RTL generation for module 'soc_system_onchip_memory2_0'
Info: 2019.09.17.14:02:23 Info: onchip_memory2_0:   Generation command is [exec /opt/quartus/quartus/linux64/perl/bin/perl -I /opt/quartus/quartus/linux64/perl/lib -I /opt/quartus/quartus/sopc_builder/bin/europa -I /opt/quartus/quartus/sopc_builder/bin/perl_lib -I /opt/quartus/quartus/sopc_builder/bin -I /opt/quartus/quartus/../ip/altera/sopc_builder_ip/common -I /opt/quartus/quartus/../ip/altera/sopc_builder_ip/altera_avalon_onchip_memory2 -- /opt/quartus/quartus/../ip/altera/sopc_builder_ip/altera_avalon_onchip_memory2/generate_rtl.pl --name=soc_system_onchip_memory2_0 --dir=/tmp/alt8156_2620400947111459822.dir/0006_onchip_memory2_0_gen/ --quartus_dir=/opt/quartus/quartus --verilog --config=/tmp/alt8156_2620400947111459822.dir/0006_onchip_memory2_0_gen//soc_system_onchip_memory2_0_component_configuration.pl  --do_build_sim=1    --sim_dir=/tmp/alt8156_2620400947111459822.dir/0006_onchip_memory2_0_gen
Info: 2019.09.17.14:02:23 Info: onchip_memory2_0: Done RTL generation for module 'soc_system_onchip_memory2_0'
Info: 2019.09.17.14:02:23 Info: onchip_memory2_0: "soc_system" instantiated altera_avalon_onchip_memory2 "onchip_memory2_0"
Info: 2019.09.17.14:02:23 Info: pio_led: Starting RTL generation for module 'soc_system_pio_led'
Info: 2019.09.17.14:02:23 Info: pio_led:   Generation command is [exec /opt/quartus/quartus/linux64/perl/bin/perl -I /opt/quartus/quartus/linux64/perl/lib -I /opt/quartus/quartus/sopc_builder/bin/europa -I /opt/quartus/quartus/sopc_builder/bin/perl_lib -I /opt/quartus/quartus/sopc_builder/bin -I /opt/quartus/quartus/../ip/altera/sopc_builder_ip/common -I /opt/quartus/quartus/../ip/altera/sopc_builder_ip/altera_avalon_pio -- /opt/quartus/quartus/../ip/altera/sopc_builder_ip/altera_avalon_pio/generate_rtl.pl --name=soc_system_pio_led --dir=/tmp/alt8156_2620400947111459822.dir/0007_pio_led_gen/ --quartus_dir=/opt/quartus/quartus --verilog --config=/tmp/alt8156_2620400947111459822.dir/0007_pio_led_gen//soc_system_pio_led_component_configuration.pl  --do_build_sim=1    --sim_dir=/tmp/alt8156_2620400947111459822.dir/0007_pio_led_gen
Info: 2019.09.17.14:02:23 Info: pio_led: Done RTL generation for module 'soc_system_pio_led'
Info: 2019.09.17.14:02:23 Info: pio_led: "soc_system" instantiated altera_avalon_pio "pio_led"
Info: 2019.09.17.14:02:23 Info: sysid_qsys: "soc_system" instantiated altera_avalon_sysid_qsys "sysid_qsys"
Info: 2019.09.17.14:02:24 Info: avalon_st_adapter: Inserting error_adapter: error_adapter_0
Info: 2019.09.17.14:02:24 Info: avalon_st_adapter_001: Inserting error_adapter: error_adapter_0
Info: 2019.09.17.14:02:24 Info: avalon_st_adapter_002: Inserting error_adapter: error_adapter_0
Info: 2019.09.17.14:02:24 Info: avalon_st_adapter_003: Inserting error_adapter: error_adapter_0
Info: 2019.09.17.14:02:24 Info: avalon_st_adapter_004: Inserting error_adapter: error_adapter_0
Info: 2019.09.17.14:02:24 Info: avalon_st_adapter_005: Inserting error_adapter: error_adapter_0
Info: 2019.09.17.14:02:24 Info: avalon_st_adapter_006: Inserting error_adapter: error_adapter_0
Info: 2019.09.17.14:02:24 Info: mm_interconnect_0: "soc_system" instantiated altera_mm_interconnect "mm_interconnect_0"
Info: 2019.09.17.14:02:24 Info: mm_interconnect_1: "soc_system" instantiated altera_mm_interconnect "mm_interconnect_1"
Info: 2019.09.17.14:02:24 Info: irq_mapper: "soc_system" instantiated altera_irq_mapper "irq_mapper"
Info: 2019.09.17.14:02:24 Info: irq_mapper_001: "soc_system" instantiated altera_irq_mapper "irq_mapper_001"
Info: 2019.09.17.14:02:24 Info: rst_controller: "soc_system" instantiated altera_reset_controller "rst_controller"
Info: 2019.09.17.14:02:24 Info: jtag_phy_embedded_in_jtag_master: "fpga_only_master" instantiated altera_jtag_dc_streaming "jtag_phy_embedded_in_jtag_master"
Info: 2019.09.17.14:02:24 Info: timing_adt: "fpga_only_master" instantiated timing_adapter "timing_adt"
Info: 2019.09.17.14:02:24 Info: fifo: "fpga_only_master" instantiated altera_avalon_sc_fifo "fifo"
Info: 2019.09.17.14:02:24 Info: b2p: "fpga_only_master" instantiated altera_avalon_st_bytes_to_packets "b2p"
Info: 2019.09.17.14:02:24 Info: p2b: "fpga_only_master" instantiated altera_avalon_st_packets_to_bytes "p2b"
Info: 2019.09.17.14:02:24 Info: transacto: "fpga_only_master" instantiated altera_avalon_packets_to_master "transacto"
Info: 2019.09.17.14:02:24 Info: b2p_adapter: "fpga_only_master" instantiated channel_adapter "b2p_adapter"
Info: 2019.09.17.14:02:24 Info: p2b_adapter: "fpga_only_master" instantiated channel_adapter "p2b_adapter"
Info: 2019.09.17.14:02:25 Info: fpga_interfaces: "hps_0" instantiated altera_interface_generator "fpga_interfaces"
Info: 2019.09.17.14:02:25 Info: hps_io: "hps_0" instantiated altera_hps_io "hps_io"
Info: 2019.09.17.14:02:25 Info: fpga_only_master_master_translator: "mm_interconnect_0" instantiated altera_merlin_master_translator "fpga_only_master_master_translator"
Info: 2019.09.17.14:02:25 Info: onchip_memory2_0_s1_translator: "mm_interconnect_0" instantiated altera_merlin_slave_translator "onchip_memory2_0_s1_translator"
Info: 2019.09.17.14:02:25 Info: hps_0_h2f_axi_master_agent: "mm_interconnect_0" instantiated altera_merlin_axi_master_ni "hps_0_h2f_axi_master_agent"
Info: 2019.09.17.14:02:25 Info: fpga_only_master_master_agent: "mm_interconnect_0" instantiated altera_merlin_master_agent "fpga_only_master_master_agent"
Info: 2019.09.17.14:02:25 Info: onchip_memory2_0_s1_agent: "mm_interconnect_0" instantiated altera_merlin_slave_agent "onchip_memory2_0_s1_agent"
Info: 2019.09.17.14:02:25 Info: router: "mm_interconnect_0" instantiated altera_merlin_router "router"
Info: 2019.09.17.14:02:25 Info: router_002: "mm_interconnect_0" instantiated altera_merlin_router "router_002"
Info: 2019.09.17.14:02:25 Info: router_003: "mm_interconnect_0" instantiated altera_merlin_router "router_003"
Info: 2019.09.17.14:02:25 Info: router_005: "mm_interconnect_0" instantiated altera_merlin_router "router_005"
Info: 2019.09.17.14:02:25 Info: router_006: "mm_interconnect_0" instantiated altera_merlin_router "router_006"
Info: 2019.09.17.14:02:25 Info: router_007: "mm_interconnect_0" instantiated altera_merlin_router "router_007"
Info: 2019.09.17.14:02:25 Info: router_009: "mm_interconnect_0" instantiated altera_merlin_router "router_009"
Info: 2019.09.17.14:02:25 Info: fpga_only_master_master_limiter: "mm_interconnect_0" instantiated altera_merlin_traffic_limiter "fpga_only_master_master_limiter"
Info: 2019.09.17.14:02:25 Info: Reusing file /home/john/Code/Augmented-Listening-/Mic_Interface_Linux_to_FPGA/fpga-rtl/soc_system/simulation/submodules
Info: 2019.09.17.14:02:25 Info: Reusing file /home/john/Code/Augmented-Listening-/Mic_Interface_Linux_to_FPGA/fpga-rtl/soc_system/simulation/submodules
Info: 2019.09.17.14:02:25 Info: onchip_memory2_0_s1_burst_adapter: "mm_interconnect_0" instantiated altera_merlin_burst_adapter "onchip_memory2_0_s1_burst_adapter"
Info: 2019.09.17.14:02:25 Info: Reusing file /home/john/Code/Augmented-Listening-/Mic_Interface_Linux_to_FPGA/fpga-rtl/soc_system/simulation/submodules
Info: 2019.09.17.14:02:25 Info: Reusing file /home/john/Code/Augmented-Listening-/Mic_Interface_Linux_to_FPGA/fpga-rtl/soc_system/simulation/submodules
Info: 2019.09.17.14:02:25 Info: Reusing file /home/john/Code/Augmented-Listening-/Mic_Interface_Linux_to_FPGA/fpga-rtl/soc_system/simulation/submodules
Info: 2019.09.17.14:02:25 Info: cmd_demux: "mm_interconnect_0" instantiated altera_merlin_demultiplexer "cmd_demux"
Info: 2019.09.17.14:02:25 Info: cmd_demux_002: "mm_interconnect_0" instantiated altera_merlin_demultiplexer "cmd_demux_002"
Info: 2019.09.17.14:02:25 Info: cmd_demux_003: "mm_interconnect_0" instantiated altera_merlin_demultiplexer "cmd_demux_003"
Info: 2019.09.17.14:02:25 Info: cmd_mux: "mm_interconnect_0" instantiated altera_merlin_multiplexer "cmd_mux"
Info: 2019.09.17.14:02:25 Info: cmd_mux_001: "mm_interconnect_0" instantiated altera_merlin_multiplexer "cmd_mux_001"
Info: 2019.09.17.14:02:25 Info: Reusing file /home/john/Code/Augmented-Listening-/Mic_Interface_Linux_to_FPGA/fpga-rtl/soc_system/simulation/submodules
Info: 2019.09.17.14:02:25 Info: cmd_mux_002: "mm_interconnect_0" instantiated altera_merlin_multiplexer "cmd_mux_002"
Info: 2019.09.17.14:02:25 Info: Reusing file /home/john/Code/Augmented-Listening-/Mic_Interface_Linux_to_FPGA/fpga-rtl/soc_system/simulation/submodules
Info: 2019.09.17.14:02:25 Info: cmd_mux_004: "mm_interconnect_0" instantiated altera_merlin_multiplexer "cmd_mux_004"
Info: 2019.09.17.14:02:25 Info: Reusing file /home/john/Code/Augmented-Listening-/Mic_Interface_Linux_to_FPGA/fpga-rtl/soc_system/simulation/submodules
Info: 2019.09.17.14:02:25 Info: rsp_demux: "mm_interconnect_0" instantiated altera_merlin_demultiplexer "rsp_demux"
Info: 2019.09.17.14:02:25 Info: rsp_demux_001: "mm_interconnect_0" instantiated altera_merlin_demultiplexer "rsp_demux_001"
Info: 2019.09.17.14:02:25 Info: rsp_demux_002: "mm_interconnect_0" instantiated altera_merlin_demultiplexer "rsp_demux_002"
Info: 2019.09.17.14:02:25 Info: rsp_demux_004: "mm_interconnect_0" instantiated altera_merlin_demultiplexer "rsp_demux_004"
Info: 2019.09.17.14:02:25 Info: rsp_mux: "mm_interconnect_0" instantiated altera_merlin_multiplexer "rsp_mux"
Info: 2019.09.17.14:02:25 Info: Reusing file /home/john/Code/Augmented-Listening-/Mic_Interface_Linux_to_FPGA/fpga-rtl/soc_system/simulation/submodules
Info: 2019.09.17.14:02:25 Info: rsp_mux_002: "mm_interconnect_0" instantiated altera_merlin_multiplexer "rsp_mux_002"
Info: 2019.09.17.14:02:25 Info: Reusing file /home/john/Code/Augmented-Listening-/Mic_Interface_Linux_to_FPGA/fpga-rtl/soc_system/simulation/submodules
Info: 2019.09.17.14:02:25 Info: rsp_mux_003: "mm_interconnect_0" instantiated altera_merlin_multiplexer "rsp_mux_003"
Info: 2019.09.17.14:02:25 Info: Reusing file /home/john/Code/Augmented-Listening-/Mic_Interface_Linux_to_FPGA/fpga-rtl/soc_system/simulation/submodules
Info: 2019.09.17.14:02:25 Info: fpga_only_master_master_to_onchip_memory2_0_s1_cmd_width_adapter: "mm_interconnect_0" instantiated altera_merlin_width_adapter "fpga_only_master_master_to_onchip_memory2_0_s1_cmd_width_adapter"
Info: 2019.09.17.14:02:25 Info: Reusing file /home/john/Code/Augmented-Listening-/Mic_Interface_Linux_to_FPGA/fpga-rtl/soc_system/simulation/submodules
Info: 2019.09.17.14:02:25 Info: Reusing file /home/john/Code/Augmented-Listening-/Mic_Interface_Linux_to_FPGA/fpga-rtl/soc_system/simulation/submodules
Info: 2019.09.17.14:02:25 Info: avalon_st_adapter: "mm_interconnect_0" instantiated altera_avalon_st_adapter "avalon_st_adapter"
Info: 2019.09.17.14:02:25 Info: avalon_st_adapter_001: "mm_interconnect_0" instantiated altera_avalon_st_adapter "avalon_st_adapter_001"
Info: 2019.09.17.14:02:25 Info: hps_0_f2h_axi_slave_agent: "mm_interconnect_1" instantiated altera_merlin_axi_slave_ni "hps_0_f2h_axi_slave_agent"
Info: 2019.09.17.14:02:25 Info: Reusing file /home/john/Code/Augmented-Listening-/Mic_Interface_Linux_to_FPGA/fpga-rtl/soc_system/simulation/submodules
Info: 2019.09.17.14:02:25 Info: Reusing file /home/john/Code/Augmented-Listening-/Mic_Interface_Linux_to_FPGA/fpga-rtl/soc_system/simulation/submodules
Info: 2019.09.17.14:02:25 Info: Reusing file /home/john/Code/Augmented-Listening-/Mic_Interface_Linux_to_FPGA/fpga-rtl/soc_system/simulation/submodules
Info: 2019.09.17.14:02:25 Info: router: "mm_interconnect_1" instantiated altera_merlin_router "router"
Info: 2019.09.17.14:02:25 Info: router_001: "mm_interconnect_1" instantiated altera_merlin_router "router_001"
Info: 2019.09.17.14:02:25 Info: cmd_demux: "mm_interconnect_1" instantiated altera_merlin_demultiplexer "cmd_demux"
Info: 2019.09.17.14:02:25 Info: cmd_mux: "mm_interconnect_1" instantiated altera_merlin_multiplexer "cmd_mux"
Info: 2019.09.17.14:02:25 Info: Reusing file /home/john/Code/Augmented-Listening-/Mic_Interface_Linux_to_FPGA/fpga-rtl/soc_system/simulation/submodules
Info: 2019.09.17.14:02:25 Info: rsp_demux: "mm_interconnect_1" instantiated altera_merlin_demultiplexer "rsp_demux"
Info: 2019.09.17.14:02:25 Info: rsp_mux: "mm_interconnect_1" instantiated altera_merlin_multiplexer "rsp_mux"
Info: 2019.09.17.14:02:25 Info: Reusing file /home/john/Code/Augmented-Listening-/Mic_Interface_Linux_to_FPGA/fpga-rtl/soc_system/simulation/submodules
Info: 2019.09.17.14:02:25 Info: border: "hps_io" instantiated altera_interface_generator "border"
Info: 2019.09.17.14:02:25 Info: Reusing file /home/john/Code/Augmented-Listening-/Mic_Interface_Linux_to_FPGA/fpga-rtl/soc_system/simulation/submodules
Info: 2019.09.17.14:02:25 Info: Reusing file /home/john/Code/Augmented-Listening-/Mic_Interface_Linux_to_FPGA/fpga-rtl/soc_system/simulation/submodules
Info: 2019.09.17.14:02:25 Info: Reusing file /home/john/Code/Augmented-Listening-/Mic_Interface_Linux_to_FPGA/fpga-rtl/soc_system/simulation/submodules
Info: 2019.09.17.14:02:25 Info: Reusing file /home/john/Code/Augmented-Listening-/Mic_Interface_Linux_to_FPGA/fpga-rtl/soc_system/simulation/submodules
Info: 2019.09.17.14:02:25 Info: Reusing file /home/john/Code/Augmented-Listening-/Mic_Interface_Linux_to_FPGA/fpga-rtl/soc_system/simulation/submodules
Info: 2019.09.17.14:02:25 Info: Reusing file /home/john/Code/Augmented-Listening-/Mic_Interface_Linux_to_FPGA/fpga-rtl/soc_system/simulation/submodules
Info: 2019.09.17.14:02:25 Info: Reusing file /home/john/Code/Augmented-Listening-/Mic_Interface_Linux_to_FPGA/fpga-rtl/soc_system/simulation/submodules
Info: 2019.09.17.14:02:25 Info: error_adapter_0: "avalon_st_adapter" instantiated error_adapter "error_adapter_0"
Info: 2019.09.17.14:02:25 Info: error_adapter_0: "avalon_st_adapter_001" instantiated error_adapter "error_adapter_0"
Info: 2019.09.17.14:02:25 Info: soc_system: Done "soc_system" with 66 modules, 107 files
Info: 2019.09.17.14:02:25 Info: qsys-generate succeeded.
Info: 2019.09.17.14:02:25 Info: Finished: Create simulation model
Info: 2019.09.17.14:02:25 Info: Starting: Create Modelsim Project.
Info: 2019.09.17.14:02:25 Info: sim-script-gen --spd=/home/john/Code/Augmented-Listening-/Mic_Interface_Linux_to_FPGA/fpga-rtl/soc_system/soc_system.spd --output-directory=/home/john/Code/Augmented-Listening-/Mic_Interface_Linux_to_FPGA/fpga-rtl/soc_system/simulation
Info: 2019.09.17.14:02:25 Info: Doing: ip-make-simscript --spd=/home/john/Code/Augmented-Listening-/Mic_Interface_Linux_to_FPGA/fpga-rtl/soc_system/soc_system.spd --output-directory=/home/john/Code/Augmented-Listening-/Mic_Interface_Linux_to_FPGA/fpga-rtl/soc_system/simulation
Info: 2019.09.17.14:02:26 Info: Generating the following file(s) for MODELSIM simulator in /home/john/Code/Augmented-Listening-/Mic_Interface_Linux_to_FPGA/fpga-rtl/soc_system/simulation
Info: 2019.09.17.14:02:26 Info:     mentor
Info: 2019.09.17.14:02:26 Info: Generating the following file(s) for VCS simulator in /home/john/Code/Augmented-Listening-/Mic_Interface_Linux_to_FPGA/fpga-rtl/soc_system/simulation
Info: 2019.09.17.14:02:26 Info:     synopsys/vcs
Info: 2019.09.17.14:02:26 Info: Generating the following file(s) for VCSMX simulator in /home/john/Code/Augmented-Listening-/Mic_Interface_Linux_to_FPGA/fpga-rtl/soc_system/simulation
Info: 2019.09.17.14:02:26 Info:     synopsys/vcsmx
Info: 2019.09.17.14:02:26 Info:     synopsys/vcsmx
Info: 2019.09.17.14:02:26 Info: Generating the following file(s) for NCSIM simulator in /home/john/Code/Augmented-Listening-/Mic_Interface_Linux_to_FPGA/fpga-rtl/soc_system/simulation
Info: 2019.09.17.14:02:26 Info:     cadence
Info: 2019.09.17.14:02:26 Info:     cadence
Info: 2019.09.17.14:02:26 Info:     cadence
Info: 2019.09.17.14:02:26 Info:     60 .cds.lib files in cadence/cds_libs
Info: 2019.09.17.14:02:26 Info: Generating the following file(s) for RIVIERA simulator in /home/john/Code/Augmented-Listening-/Mic_Interface_Linux_to_FPGA/fpga-rtl/soc_system/simulation
Info: 2019.09.17.14:02:26 Info:     aldec
Info: 2019.09.17.14:02:26 Info: For information on how to simulate your IP, see the explanatory comments in the simulator-specific subdirectories under /home/john/Code/Augmented-Listening-/Mic_Interface_Linux_to_FPGA/fpga-rtl/soc_system/simulation
Info: 2019.09.17.14:02:26 Info: Regenerate these scripts whenever you make any change to any Quartus-generated IP in your project.
Info: 2019.09.17.14:02:26 Info: Finished: Create Modelsim Project.
Info: 2019.09.17.14:02:26 Info: Starting: Create block symbol file (.bsf)
Info: 2019.09.17.14:02:26 Info: Loading fpga-rtl
Info: 2019.09.17.14:02:26 Info: Reading input file
Info: 2019.09.17.14:02:26 Info: Adding Audio_Interface [Audio_Slave 1.0]
Info: 2019.09.17.14:02:26 Info: Parameterizing module Audio_Interface
Info: 2019.09.17.14:02:26 Info: Adding buttons [altera_avalon_pio 18.1]
Info: 2019.09.17.14:02:26 Info: Parameterizing module buttons
Info: 2019.09.17.14:02:26 Info: Adding clk_0 [clock_source 18.1]
Info: 2019.09.17.14:02:26 Info: Parameterizing module clk_0
Info: 2019.09.17.14:02:26 Info: Adding fpga_only_master [altera_jtag_avalon_master 18.1]
Info: 2019.09.17.14:02:26 Info: Parameterizing module fpga_only_master
Info: 2019.09.17.14:02:26 Info: Adding hps_0 [altera_hps 18.1]
Info: 2019.09.17.14:02:26 Info: Parameterizing module hps_0
Info: 2019.09.17.14:02:26 Info: Adding hps_only_master [altera_jtag_avalon_master 18.1]
Info: 2019.09.17.14:02:26 Info: Parameterizing module hps_only_master
Info: 2019.09.17.14:02:26 Info: Adding intr_capturer_0 [intr_capturer 100.99.98.97]
Info: 2019.09.17.14:02:26 Info: Parameterizing module intr_capturer_0
Info: 2019.09.17.14:02:26 Info: Adding jtag_uart [altera_avalon_jtag_uart 18.1]
Info: 2019.09.17.14:02:26 Info: Parameterizing module jtag_uart
Info: 2019.09.17.14:02:26 Info: Adding onchip_memory2_0 [altera_avalon_onchip_memory2 18.1]
Info: 2019.09.17.14:02:26 Info: Parameterizing module onchip_memory2_0
Info: 2019.09.17.14:02:26 Info: Adding pio_led [altera_avalon_pio 18.1]
Info: 2019.09.17.14:02:26 Info: Parameterizing module pio_led
Info: 2019.09.17.14:02:26 Info: Adding sysid_qsys [altera_avalon_sysid_qsys 18.1]
Info: 2019.09.17.14:02:26 Info: Parameterizing module sysid_qsys
Info: 2019.09.17.14:02:26 Info: Building connections
Info: 2019.09.17.14:02:26 Info: Parameterizing connections
Info: 2019.09.17.14:02:26 Info: Validating
Info: 2019.09.17.14:02:30 Info: Done reading input file
Warning: 2019.09.17.14:02:32 Warning: soc_system.Audio_Slave: The SIM_VERILOG fileset must specify the top-level module name.
2019.09.17.14:02:32 Info: soc_system.buttons: PIO inputs are not hardwired in test bench. Undefined values will be read from PIO inputs during simulation.
Warning: 2019.09.17.14:02:32 Warning: soc_system.hps_0: "QSPI clock frequency" (desired_qspi_clk_mhz) requested 400.0 MHz, but only achieved 370.0 MHz
2019.09.17.14:02:32 Warning: soc_system.hps_0: 1 or more output clock frequencies cannot be achieved precisely, consider revising desired output clock frequencies.
Info: 2019.09.17.14:02:32 Info: soc_system.jtag_uart: JTAG UART IP input clock need to be at least double (2x) the operating frequency of JTAG TCK on board
Info: 2019.09.17.14:02:32 Info: soc_system.sysid_qsys: System ID is not assigned automatically. Edit the System ID parameter to provide a unique ID
Info: 2019.09.17.14:02:32 Info: soc_system.sysid_qsys: Time stamp will be automatically updated when this component is generated.
Info: 2019.09.17.14:02:32 Info: qsys-generate succeeded.
Info: 2019.09.17.14:02:32 Info: Finished: Create block symbol file (.bsf)
Info: 2019.09.17.14:02:32 Info:
Info: 2019.09.17.14:02:32 Info: Starting: Create HDL design files for synthesis
Info: 2019.09.17.14:02:32 Info: Loading fpga-rtl
Info: 2019.09.17.14:02:32 Info: Reading input file
Info: 2019.09.17.14:02:32 Info: Adding Audio_Interface [Audio_Slave 1.0]
Info: 2019.09.17.14:02:32 Info: Parameterizing module Audio_Interface
Info: 2019.09.17.14:02:32 Info: Adding buttons [altera_avalon_pio 18.1]
Info: 2019.09.17.14:02:32 Info: Parameterizing module buttons
Info: 2019.09.17.14:02:32 Info: Adding clk_0 [clock_source 18.1]
Info: 2019.09.17.14:02:32 Info: Parameterizing module clk_0
Info: 2019.09.17.14:02:32 Info: Adding fpga_only_master [altera_jtag_avalon_master 18.1]
Info: 2019.09.17.14:02:32 Info: Parameterizing module fpga_only_master
Info: 2019.09.17.14:02:32 Info: Adding hps_0 [altera_hps 18.1]
Info: 2019.09.17.14:02:32 Info: Parameterizing module hps_0
Info: 2019.09.17.14:02:32 Info: Adding hps_only_master [altera_jtag_avalon_master 18.1]
Info: 2019.09.17.14:02:32 Info: Parameterizing module hps_only_master
Info: 2019.09.17.14:02:32 Info: Adding intr_capturer_0 [intr_capturer 100.99.98.97]
Info: 2019.09.17.14:02:32 Info: Parameterizing module intr_capturer_0
Info: 2019.09.17.14:02:32 Info: Adding jtag_uart [altera_avalon_jtag_uart 18.1]
Info: 2019.09.17.14:02:32 Info: Parameterizing module jtag_uart
Info: 2019.09.17.14:02:32 Info: Adding onchip_memory2_0 [altera_avalon_onchip_memory2 18.1]
Info: 2019.09.17.14:02:32 Info: Parameterizing module onchip_memory2_0
Info: 2019.09.17.14:02:32 Info: Adding pio_led [altera_avalon_pio 18.1]
Info: 2019.09.17.14:02:32 Info: Parameterizing module pio_led
Info: 2019.09.17.14:02:32 Info: Adding sysid_qsys [altera_avalon_sysid_qsys 18.1]
Info: 2019.09.17.14:02:32 Info: Parameterizing module sysid_qsys
Info: 2019.09.17.14:02:32 Info: Building connections
Info: 2019.09.17.14:02:32 Info: Parameterizing connections
Info: 2019.09.17.14:02:32 Info: Validating
Info: 2019.09.17.14:02:37 Info: Done reading input file
Warning: 2019.09.17.14:02:38 Warning: soc_system.Audio_Slave: The SIM_VERILOG fileset must specify the top-level module name.
Info: 2019.09.17.14:02:38 Info: soc_system.buttons: PIO inputs are not hardwired in test bench. Undefined values will be read from PIO inputs during simulation.
Info: 2019.09.17.14:02:38 Info: soc_system.hps_0: HPS Main PLL counter settings: n = 0  m = 73
Info: 2019.09.17.14:02:38 Info: soc_system.hps_0: HPS peripherial PLL counter settings: n = 0  m = 39
Warning: 2019.09.17.14:02:38 Warning: soc_system.hps_0: "QSPI clock frequency" (desired_qspi_clk_mhz) requested 400.0 MHz, but only achieved 370.0 MHz
Warning: 2019.09.17.14:02:38 Warning: soc_system.hps_0: 1 or more output clock frequencies cannot be achieved precisely, consider revising desired output clock frequencies.
Info: 2019.09.17.14:02:38 Info: soc_system.jtag_uart: JTAG UART IP input clock need to be at least double (2x) the operating frequency of JTAG TCK on board
Info: 2019.09.17.14:02:38 Info: soc_system.sysid_qsys: System ID is not assigned automatically. Edit the System ID parameter to provide a unique ID
Info: 2019.09.17.14:02:38 Info: soc_system.sysid_qsys: Time stamp will be automatically updated when this component is generated.
Info: 2019.09.17.14:02:55 Info: soc_system: Generating soc_system "soc_system" for QUARTUS_SYNTH
Info: 2019.09.17.14:02:57 Info: Interconnect is inserted between master hps_only_master.master and slave hps_0.f2h_axi_slave because the master is of type avalon and the slave is of type axi.
Warning: 2019.09.17.14:02:58 Warning: hps_0.f2h_irq0: Cannot connect clock for irq_mapper.sender
Warning: 2019.09.17.14:02:58 Warning: hps_0.f2h_irq0: Cannot connect reset for irq_mapper.sender
Warning: 2019.09.17.14:02:58 Warning: hps_0.f2h_irq1: Cannot connect clock for irq_mapper_001.sender
Warning: 2019.09.17.14:02:58 Warning: hps_0.f2h_irq1: Cannot connect reset for irq_mapper_001.sender
Info: 2019.09.17.14:03:00 Info: Audio_Interface: "soc_system" instantiated Audio_Slave "Audio_Interface"
Info: 2019.09.17.14:03:00 Info: buttons: Starting RTL generation for module 'soc_system_buttons'
Info: 2019.09.17.14:03:00 Info: buttons:   Generation command is [exec /opt/quartus/quartus/linux64/perl/bin/perl -I /opt/quartus/quartus/linux64/perl/lib -I /opt/quartus/quartus/sopc_builder/bin/europa -I /opt/quartus/quartus/sopc_builder/bin/perl_lib -I /opt/quartus/quartus/sopc_builder/bin -I /opt/quartus/quartus/../ip/altera/sopc_builder_ip/common -I /opt/quartus/quartus/../ip/altera/sopc_builder_ip/altera_avalon_pio -- /opt/quartus/quartus/../ip/altera/sopc_builder_ip/altera_avalon_pio/generate_rtl.pl --name=soc_system_buttons --dir=/tmp/alt8156_2620400947111459822.dir/0062_buttons_gen/ --quartus_dir=/opt/quartus/quartus --verilog --config=/tmp/alt8156_2620400947111459822.dir/0062_buttons_gen/
Info: 2019.09.17.14:03:00 Info: buttons: Done RTL generation for module 'soc_system_buttons'
Info: 2019.09.17.14:03:00 Info: buttons: "soc_system" instantiated altera_avalon_pio "buttons"
Info: 2019.09.17.14:03:00 Info: fpga_only_master: "soc_system" instantiated altera_jtag_avalon_master "fpga_only_master"
Info: 2019.09.17.14:03:00 Info: hps_0: "Running  for module: hps_0"
Info: 2019.09.17.14:03:01 Info: hps_0: HPS Main PLL counter settings: n = 0  m = 73
Info: 2019.09.17.14:03:01 Info: hps_0: HPS peripherial PLL counter settings: n = 0  m = 39
Warning: 2019.09.17.14:03:01 Warning: hps_0: "QSPI clock frequency" (desired_qspi_clk_mhz) requested 400.0 MHz, but only achieved 370.0 MHz
Warning: 2019.09.17.14:03:01 Warning: hps_0: 1 or more output clock frequencies cannot be achieved precisely, consider revising desired output clock frequencies.
Info: 2019.09.17.14:03:01 Info: hps_0: "soc_system" instantiated altera_hps "hps_0"
Info: 2019.09.17.14:03:01 Info: intr_capturer_0: "soc_system" instantiated intr_capturer "intr_capturer_0"
Info: 2019.09.17.14:03:01 Info: jtag_uart: Starting RTL generation for module 'soc_system_jtag_uart'
Info: 2019.09.17.14:03:01 Info: jtag_uart:   Generation command is [exec /opt/quartus/quartus/linux64/perl/bin/perl -I /opt/quartus/quartus/linux64/perl/lib -I /opt/quartus/quartus/sopc_builder/bin/europa -I /opt/quartus/quartus/sopc_builder/bin/perl_lib -I /opt/quartus/quartus/sopc_builder/bin -I /opt/quartus/quartus/../ip/altera/sopc_builder_ip/common -I /opt/quartus/quartus/../ip/altera/sopc_builder_ip/altera_avalon_jtag_uart -- /opt/quartus/quartus/../ip/altera/sopc_builder_ip/altera_avalon_jtag_uart/generate_rtl.pl --name=soc_system_jtag_uart --dir=/tmp/alt8156_2620400947111459822.dir/0064_jtag_uart_gen/ --quartus_dir=/opt/quartus/quartus --verilog --config=/tmp/alt8156_2620400947111459822.dir/0064_jtag_uart_gen/
Info: 2019.09.17.14:03:02 Info: jtag_uart: Done RTL generation for module 'soc_system_jtag_uart'
Info: 2019.09.17.14:03:02 Info: jtag_uart: "soc_system" instantiated altera_avalon_jtag_uart "jtag_uart"
Info: 2019.09.17.14:03:02 Info: onchip_memory2_0: Starting RTL generation for module 'soc_system_onchip_memory2_0'
Info: 2019.09.17.14:03:02 Info: onchip_memory2_0:   Generation command is [exec /opt/quartus/quartus/linux64/perl/bin/perl -I /opt/quartus/quartus/linux64/perl/lib -I /opt/quartus/quartus/sopc_builder/bin/europa -I /opt/quartus/quartus/sopc_builder/bin/perl_lib -I /opt/quartus/quartus/sopc_builder/bin -I /opt/quartus/quartus/../ip/altera/sopc_builder_ip/common -I /opt/quartus/quartus/../ip/altera/sopc_builder_ip/altera_avalon_onchip_memory2 -- /opt/quartus/quartus/../ip/altera/sopc_builder_ip/altera_avalon_onchip_memory2/generate_rtl.pl --name=soc_system_onchip_memory2_0 --dir=/tmp/alt8156_2620400947111459822.dir/0065_onchip_memory2_0_gen/ --quartus_dir=/opt/quartus/quartus --verilog --config=/tmp/alt8156_2620400947111459822.dir/0065_onchip_memory2_0_gen/
Info: 2019.09.17.14:03:02 Info: onchip_memory2_0: Done RTL generation for module 'soc_system_onchip_memory2_0'
Info: 2019.09.17.14:03:02 Info: onchip_memory2_0: "soc_system" instantiated altera_avalon_onchip_memory2 "onchip_memory2_0"
Info: 2019.09.17.14:03:02 Info: pio_led: Starting RTL generation for module 'soc_system_pio_led'
Info: 2019.09.17.14:03:02 Info: pio_led:   Generation command is [exec /opt/quartus/quartus/linux64/perl/bin/perl -I /opt/quartus/quartus/linux64/perl/lib -I /opt/quartus/quartus/sopc_builder/bin/europa -I /opt/quartus/quartus/sopc_builder/bin/perl_lib -I /opt/quartus/quartus/sopc_builder/bin -I /opt/quartus/quartus/../ip/altera/sopc_builder_ip/common -I /opt/quartus/quartus/../ip/altera/sopc_builder_ip/altera_avalon_pio -- /opt/quartus/quartus/../ip/altera/sopc_builder_ip/altera_avalon_pio/generate_rtl.pl --name=soc_system_pio_led --dir=/tmp/alt8156_2620400947111459822.dir/0066_pio_led_gen/ --quartus_dir=/opt/quartus/quartus --verilog --config=/tmp/alt8156_2620400947111459822.dir/0066_pio_led_gen/
Info: 2019.09.17.14:03:02 Info: pio_led: Done RTL generation for module 'soc_system_pio_led'
Info: 2019.09.17.14:03:02 Info: pio_led: "soc_system" instantiated altera_avalon_pio "pio_led"
Info: 2019.09.17.14:03:02 Info: sysid_qsys: "soc_system" instantiated altera_avalon_sysid_qsys "sysid_qsys"
Info: 2019.09.17.14:03:02 Info: avalon_st_adapter: Inserting error_adapter: error_adapter_0
Info: 2019.09.17.14:03:02 Info: avalon_st_adapter_001: Inserting error_adapter: error_adapter_0
Info: 2019.09.17.14:03:02 Info: avalon_st_adapter_002: Inserting error_adapter: error_adapter_0
Info: 2019.09.17.14:03:02 Info: avalon_st_adapter_003: Inserting error_adapter: error_adapter_0
Info: 2019.09.17.14:03:02 Info: avalon_st_adapter_004: Inserting error_adapter: error_adapter_0
Info: 2019.09.17.14:03:02 Info: avalon_st_adapter_005: Inserting error_adapter: error_adapter_0
Info: 2019.09.17.14:03:02 Info: avalon_st_adapter_006: Inserting error_adapter: error_adapter_0
Info: 2019.09.17.14:03:03 Info: mm_interconnect_0: "soc_system" instantiated altera_mm_interconnect "mm_interconnect_0"
Info: 2019.09.17.14:03:03 Info: mm_interconnect_1: "soc_system" instantiated altera_mm_interconnect "mm_interconnect_1"
Info: 2019.09.17.14:03:03 Info: irq_mapper: "soc_system" instantiated altera_irq_mapper "irq_mapper"
Info: 2019.09.17.14:03:03 Info: irq_mapper_001: "soc_system" instantiated altera_irq_mapper "irq_mapper_001"
Info: 2019.09.17.14:03:03 Info: rst_controller: "soc_system" instantiated altera_reset_controller "rst_controller"
Info: 2019.09.17.14:03:03 Info: jtag_phy_embedded_in_jtag_master: "fpga_only_master" instantiated altera_jtag_dc_streaming "jtag_phy_embedded_in_jtag_master"
Info: 2019.09.17.14:03:03 Info: timing_adt: "fpga_only_master" instantiated timing_adapter "timing_adt"
Info: 2019.09.17.14:03:03 Info: fifo: "fpga_only_master" instantiated altera_avalon_sc_fifo "fifo"
Info: 2019.09.17.14:03:03 Info: b2p: "fpga_only_master" instantiated altera_avalon_st_bytes_to_packets "b2p"
Info: 2019.09.17.14:03:03 Info: p2b: "fpga_only_master" instantiated altera_avalon_st_packets_to_bytes "p2b"
Info: 2019.09.17.14:03:03 Info: transacto: "fpga_only_master" instantiated altera_avalon_packets_to_master "transacto"
Info: 2019.09.17.14:03:03 Info: b2p_adapter: "fpga_only_master" instantiated channel_adapter "b2p_adapter"
Info: 2019.09.17.14:03:03 Info: p2b_adapter: "fpga_only_master" instantiated channel_adapter "p2b_adapter"
Info: 2019.09.17.14:03:03 Info: fpga_interfaces: "hps_0" instantiated altera_interface_generator "fpga_interfaces"
Info: 2019.09.17.14:03:03 Info: hps_io: "hps_0" instantiated altera_hps_io "hps_io"
Info: 2019.09.17.14:03:03 Info: fpga_only_master_master_translator: "mm_interconnect_0" instantiated altera_merlin_master_translator "fpga_only_master_master_translator"
Info: 2019.09.17.14:03:03 Info: onchip_memory2_0_s1_translator: "mm_interconnect_0" instantiated altera_merlin_slave_translator "onchip_memory2_0_s1_translator"
Info: 2019.09.17.14:03:03 Info: hps_0_h2f_axi_master_agent: "mm_interconnect_0" instantiated altera_merlin_axi_master_ni "hps_0_h2f_axi_master_agent"
Info: 2019.09.17.14:03:03 Info: fpga_only_master_master_agent: "mm_interconnect_0" instantiated altera_merlin_master_agent "fpga_only_master_master_agent"
Info: 2019.09.17.14:03:03 Info: onchip_memory2_0_s1_agent: "mm_interconnect_0" instantiated altera_merlin_slave_agent "onchip_memory2_0_s1_agent"
Info: 2019.09.17.14:03:03 Info: router: "mm_interconnect_0" instantiated altera_merlin_router "router"
Info: 2019.09.17.14:03:03 Info: router_002: "mm_interconnect_0" instantiated altera_merlin_router "router_002"
Info: 2019.09.17.14:03:03 Info: router_003: "mm_interconnect_0" instantiated altera_merlin_router "router_003"
Info: 2019.09.17.14:03:03 Info: router_005: "mm_interconnect_0" instantiated altera_merlin_router "router_005"
Info: 2019.09.17.14:03:03 Info: router_006: "mm_interconnect_0" instantiated altera_merlin_router "router_006"
Info: 2019.09.17.14:03:03 Info: router_007: "mm_interconnect_0" instantiated altera_merlin_router "router_007"
Info: 2019.09.17.14:03:03 Info: router_009: "mm_interconnect_0" instantiated altera_merlin_router "router_009"
Info: 2019.09.17.14:03:03 Info: fpga_only_master_master_limiter: "mm_interconnect_0" instantiated altera_merlin_traffic_limiter "fpga_only_master_master_limiter"
Info: 2019.09.17.14:03:03 Info: Reusing file /home/john/Code/Augmented-Listening-/Mic_Interface_Linux_to_FPGA/fpga-rtl/soc_system/synthesis/submodules
Info: 2019.09.17.14:03:03 Info: Reusing file /home/john/Code/Augmented-Listening-/Mic_Interface_Linux_to_FPGA/fpga-rtl/soc_system/synthesis/submodules
Info: 2019.09.17.14:03:03 Info: onchip_memory2_0_s1_burst_adapter: "mm_interconnect_0" instantiated altera_merlin_burst_adapter "onchip_memory2_0_s1_burst_adapter"
Info: 2019.09.17.14:03:03 Info: Reusing file /home/john/Code/Augmented-Listening-/Mic_Interface_Linux_to_FPGA/fpga-rtl/soc_system/synthesis/submodules
Info: 2019.09.17.14:03:03 Info: Reusing file /home/john/Code/Augmented-Listening-/Mic_Interface_Linux_to_FPGA/fpga-rtl/soc_system/synthesis/submodules
Info: 2019.09.17.14:03:03 Info: Reusing file /home/john/Code/Augmented-Listening-/Mic_Interface_Linux_to_FPGA/fpga-rtl/soc_system/synthesis/submodules
Info: 2019.09.17.14:03:03 Info: cmd_demux: "mm_interconnect_0" instantiated altera_merlin_demultiplexer "cmd_demux"
Info: 2019.09.17.14:03:03 Info: cmd_demux_002: "mm_interconnect_0" instantiated altera_merlin_demultiplexer "cmd_demux_002"
Info: 2019.09.17.14:03:03 Info: cmd_demux_003: "mm_interconnect_0" instantiated altera_merlin_demultiplexer "cmd_demux_003"
Info: 2019.09.17.14:03:03 Info: cmd_mux: "mm_interconnect_0" instantiated altera_merlin_multiplexer "cmd_mux"
Info: 2019.09.17.14:03:03 Info: cmd_mux_001: "mm_interconnect_0" instantiated altera_merlin_multiplexer "cmd_mux_001"
Info: 2019.09.17.14:03:03 Info: Reusing file /home/john/Code/Augmented-Listening-/Mic_Interface_Linux_to_FPGA/fpga-rtl/soc_system/synthesis/submodules
Info: 2019.09.17.14:03:03 Info: cmd_mux_002: "mm_interconnect_0" instantiated altera_merlin_multiplexer "cmd_mux_002"
Info: 2019.09.17.14:03:03 Info: Reusing file /home/john/Code/Augmented-Listening-/Mic_Interface_Linux_to_FPGA/fpga-rtl/soc_system/synthesis/submodules
Info: 2019.09.17.14:03:03 Info: cmd_mux_004: "mm_interconnect_0" instantiated altera_merlin_multiplexer "cmd_mux_004"
Info: 2019.09.17.14:03:03 Info: Reusing file /home/john/Code/Augmented-Listening-/Mic_Interface_Linux_to_FPGA/fpga-rtl/soc_system/synthesis/submodules
Info: 2019.09.17.14:03:03 Info: rsp_demux: "mm_interconnect_0" instantiated altera_merlin_demultiplexer "rsp_demux"
Info: 2019.09.17.14:03:03 Info: rsp_demux_001: "mm_interconnect_0" instantiated altera_merlin_demultiplexer "rsp_demux_001"
Info: 2019.09.17.14:03:03 Info: rsp_demux_002: "mm_interconnect_0" instantiated altera_merlin_demultiplexer "rsp_demux_002"
Info: 2019.09.17.14:03:03 Info: rsp_demux_004: "mm_interconnect_0" instantiated altera_merlin_demultiplexer "rsp_demux_004"
Info: 2019.09.17.14:03:03 Info: rsp_mux: "mm_interconnect_0" instantiated altera_merlin_multiplexer "rsp_mux"
Info: 2019.09.17.14:03:03 Info: Reusing file /home/john/Code/Augmented-Listening-/Mic_Interface_Linux_to_FPGA/fpga-rtl/soc_system/synthesis/submodules
Info: 2019.09.17.14:03:03 Info: rsp_mux_002: "mm_interconnect_0" instantiated altera_merlin_multiplexer "rsp_mux_002"
Info: 2019.09.17.14:03:03 Info: Reusing file /home/john/Code/Augmented-Listening-/Mic_Interface_Linux_to_FPGA/fpga-rtl/soc_system/synthesis/submodules
Info: 2019.09.17.14:03:03 Info: rsp_mux_003: "mm_interconnect_0" instantiated altera_merlin_multiplexer "rsp_mux_003"
Info: 2019.09.17.14:03:03 Info: Reusing file /home/john/Code/Augmented-Listening-/Mic_Interface_Linux_to_FPGA/fpga-rtl/soc_system/synthesis/submodules
Info: 2019.09.17.14:03:03 Info: fpga_only_master_master_to_onchip_memory2_0_s1_cmd_width_adapter: "mm_interconnect_0" instantiated altera_merlin_width_adapter "fpga_only_master_master_to_onchip_memory2_0_s1_cmd_width_adapter"
Info: 2019.09.17.14:03:03 Info: Reusing file /home/john/Code/Augmented-Listening-/Mic_Interface_Linux_to_FPGA/fpga-rtl/soc_system/synthesis/submodules
Info: 2019.09.17.14:03:03 Info: Reusing file /home/john/Code/Augmented-Listening-/Mic_Interface_Linux_to_FPGA/fpga-rtl/soc_system/synthesis/submodules
Info: 2019.09.17.14:03:03 Info: avalon_st_adapter: "mm_interconnect_0" instantiated altera_avalon_st_adapter "avalon_st_adapter"
Info: 2019.09.17.14:03:03 Info: avalon_st_adapter_001: "mm_interconnect_0" instantiated altera_avalon_st_adapter "avalon_st_adapter_001"
Info: 2019.09.17.14:03:03 Info: hps_0_f2h_axi_slave_agent: "mm_interconnect_1" instantiated altera_merlin_axi_slave_ni "hps_0_f2h_axi_slave_agent"
Info: 2019.09.17.14:03:03 Info: Reusing file /home/john/Code/Augmented-Listening-/Mic_Interface_Linux_to_FPGA/fpga-rtl/soc_system/synthesis/submodules
Info: 2019.09.17.14:03:03 Info: Reusing file /home/john/Code/Augmented-Listening-/Mic_Interface_Linux_to_FPGA/fpga-rtl/soc_system/synthesis/submodules
Info: 2019.09.17.14:03:03 Info: Reusing file /home/john/Code/Augmented-Listening-/Mic_Interface_Linux_to_FPGA/fpga-rtl/soc_system/synthesis/submodules
Info: 2019.09.17.14:03:03 Info: router: "mm_interconnect_1" instantiated altera_merlin_router "router"
Info: 2019.09.17.14:03:03 Info: router_001: "mm_interconnect_1" instantiated altera_merlin_router "router_001"
Info: 2019.09.17.14:03:03 Info: cmd_demux: "mm_interconnect_1" instantiated altera_merlin_demultiplexer "cmd_demux"
Info: 2019.09.17.14:03:03 Info: cmd_mux: "mm_interconnect_1" instantiated altera_merlin_multiplexer "cmd_mux"
Info: 2019.09.17.14:03:03 Info: Reusing file /home/john/Code/Augmented-Listening-/Mic_Interface_Linux_to_FPGA/fpga-rtl/soc_system/synthesis/submodules
Info: 2019.09.17.14:03:03 Info: rsp_demux: "mm_interconnect_1" instantiated altera_merlin_demultiplexer "rsp_demux"
Info: 2019.09.17.14:03:03 Info: rsp_mux: "mm_interconnect_1" instantiated altera_merlin_multiplexer "rsp_mux"
Info: 2019.09.17.14:03:03 Info: Reusing file /home/john/Code/Augmented-Listening-/Mic_Interface_Linux_to_FPGA/fpga-rtl/soc_system/synthesis/submodules
Info: 2019.09.17.14:03:20 Info: border: "hps_io" instantiated altera_interface_generator "border"
Info: 2019.09.17.14:03:20 Info: error_adapter_0: "avalon_st_adapter" instantiated error_adapter "error_adapter_0"
Info: 2019.09.17.14:03:20 Info: error_adapter_0: "avalon_st_adapter_001" instantiated error_adapter "error_adapter_0"
Info: 2019.09.17.14:03:20 Info: soc_system: Done "soc_system" with 66 modules, 133 files
Info: 2019.09.17.14:03:21 Info: qsys-generate succeeded.
Info: 2019.09.17.14:03:21 Info: Finished: Create HDL design files for synthesis
Info (11902): Backing up file "ip/altsource_probe/hps_reset.v" to "ip/altsource_probe/hps_reset.BAK.v"
Info (11837): Started upgrading IP component In-System Sources and Probes with file "ip/altsource_probe/hps_reset.v"
Info (11131): Completed upgrading IP component Qsys with file "soc_system.qsys"
Info (11131): Completed upgrading IP component In-System Sources and Probes with file "ip/altsource_probe/hps_reset.v"
Info (23030): Evaluation of Tcl script /opt/quartus/quartus/common/tcl/internal/ip_regen/ip_regen.tcl was successful
Info: Quartus Prime Shell was successful. 0 errors, 25 warnings
    Info: Peak virtual memory: 1055 megabytes
    Info: Processing ended: Tue Sep 17 14:03:33 2019
    Info: Elapsed time: 00:02:08
    Info: Total CPU time (on all processors): 00:05:05


